<?xml version="1.0" encoding="UTF-8"?>
<testsuite name="TracciatoTest" tests="7" skipped="0" failures="0" errors="0" timestamp="2024-09-01T18:47:46" hostname="Air-di-Luca.station" time="0.006">
  <properties/>
  <testcase name="loadShouldThrow()" classname="TracciatoTest" time="0.0"/>
  <testcase name="getPartenza()" classname="TracciatoTest" time="0.001"/>
  <testcase name="loadShouldThrowArgument()" classname="TracciatoTest" time="0.0"/>
  <testcase name="isOutOfMap()" classname="TracciatoTest" time="0.0"/>
  <testcase name="notParenzaOrFinishLineShouldThrow()" classname="TracciatoTest" time="0.0"/>
  <testcase name="testGetTrackMatrixValidFileName()" classname="TracciatoTest" time="0.0"/>
  <testcase name="loadShouldNotThrow()" classname="TracciatoTest" time="0.001"/>
  <system-out><![CDATA[]]></system-out>
  <system-err><![CDATA[]]></system-err>
</testsuite>
